#
# There is insufficient memory for the Java Runtime Environment to continue.
# Native memory allocation (malloc) failed to allocate 32744 bytes for ChunkPool::allocate
# Possible reasons:
#   The system is out of physical RAM or swap space
#   In 32 bit mode, the process size limit was hit
# Possible solutions:
#   Reduce memory load on the system
#   Increase physical memory or swap space
#   Check if swap backing store is full
#   Use 64 bit Java on a 64 bit OS
#   Decrease Java heap size (-Xmx/-Xms)
#   Decrease number of Java threads
#   Decrease Java thread stack sizes (-Xss)
#   Set larger code cache with -XX:ReservedCodeCacheSize=
# This output file may be truncated or incomplete.
#
#  Out of Memory Error (allocation.cpp:273), pid=28848, tid=29240
#
# JRE version: Java(TM) SE Runtime Environment (8.0_45-b15) (build 1.8.0_45-b15)
# Java VM: Java HotSpot(TM) 64-Bit Server VM (25.45-b02 mixed mode windows-amd64 compressed oops)
# Failed to write core dump. Minidumps are not enabled by default on client versions of Windows
#

---------------  T H R E A D  ---------------

Current thread (0x000000001df3c800):  JavaThread "C2 CompilerThread1" daemon [_thread_in_native, id=29240, stack(0x000000001e610000,0x000000001e710000)]

Stack: [0x000000001e610000,0x000000001e710000]
Native frames: (J=compiled Java code, j=interpreted, Vv=VM code, C=native code)
V  [jvm.dll+0x32b57a]


Current CompileTask:
C2:   8514 1184       4      
[error occurred during error reporting (printing current compile task), id 0xe0000001]


---------------  P R O C E S S  ---------------

Java Threads: ( => current thread )
  0x0000000025777800 JavaThread "Direct Clip" daemon [_thread_in_vm, id=2496, stack(0x0000000027d50000,0x0000000027e50000)]
  0x000000002550b800 JavaThread "Direct Clip" daemon [_thread_blocked, id=25368, stack(0x0000000026a80000,0x0000000026b80000)]
  0x000000001f18f000 JavaThread "Direct Clip" daemon [_thread_blocked, id=15468, stack(0x0000000026980000,0x0000000026a80000)]
  0x000000001f18e000 JavaThread "Java Sound Event Dispatcher" daemon [_thread_blocked, id=27400, stack(0x0000000026440000,0x0000000026540000)]
  0x000000001ed92000 JavaThread "D3D Screen Updater" daemon [_thread_blocked, id=26256, stack(0x0000000024e10000,0x0000000024f10000)]
  0x000000000221e000 JavaThread "DestroyJavaVM" [_thread_blocked, id=13796, stack(0x0000000002220000,0x0000000002320000)]
  0x000000001ed6a800 JavaThread "Thread-2" [_thread_in_native, id=12720, stack(0x0000000024810000,0x0000000024910000)]
  0x000000001ed10800 JavaThread "AWT-EventQueue-0" [_thread_blocked, id=15820, stack(0x0000000024710000,0x0000000024810000)]
  0x000000001ec97800 JavaThread "AWT-Windows" daemon [_thread_in_native, id=5180, stack(0x000000001f660000,0x000000001f760000)]
  0x000000001ed02000 JavaThread "AWT-Shutdown" [_thread_blocked, id=24212, stack(0x000000001f560000,0x000000001f660000)]
  0x000000001ecfd800 JavaThread "Java2D Disposer" daemon [_thread_blocked, id=19204, stack(0x000000001f460000,0x000000001f560000)]
  0x000000001dfdf800 JavaThread "Service Thread" daemon [_thread_blocked, id=27604, stack(0x000000001e910000,0x000000001ea10000)]
  0x000000001df52000 JavaThread "C1 CompilerThread3" daemon [_thread_blocked, id=27568, stack(0x000000001e810000,0x000000001e910000)]
  0x000000001df4f800 JavaThread "C2 CompilerThread2" daemon [_thread_blocked, id=19624, stack(0x000000001e710000,0x000000001e810000)]
=>0x000000001df3c800 JavaThread "C2 CompilerThread1" daemon [_thread_in_native, id=29240, stack(0x000000001e610000,0x000000001e710000)]
  0x000000001df3a000 JavaThread "C2 CompilerThread0" daemon [_thread_blocked, id=16604, stack(0x000000001e510000,0x000000001e610000)]
  0x000000001df38000 JavaThread "Attach Listener" daemon [_thread_blocked, id=29504, stack(0x000000001e410000,0x000000001e510000)]
  0x000000001df37000 JavaThread "Signal Dispatcher" daemon [_thread_blocked, id=28388, stack(0x000000001e310000,0x000000001e410000)]
  0x000000000241c000 JavaThread "Finalizer" daemon [_thread_blocked, id=11816, stack(0x000000001de10000,0x000000001df10000)]
  0x000000001bf2d800 JavaThread "Reference Handler" daemon [_thread_blocked, id=12984, stack(0x000000001dd10000,0x000000001de10000)]

Other Threads:
  0x000000001bf29000 VMThread [stack: 0x000000001dc10000,0x000000001dd10000] [id=19320]
  0x000000001dfe8800 WatcherThread [stack: 0x000000001ea10000,0x000000001eb10000] [id=27452]

VM state:not at safepoint (normal execution)

VM Mutex/Monitor currently owned by a thread: None

Heap:
 PSYoungGen      total 76288K, used 52988K [0x000000076ae00000, 0x0000000770300000, 0x00000007c0000000)
  eden space 65536K, 65% used [0x000000076ae00000,0x000000076d806108,0x000000076ee00000)
  from space 10752K, 92% used [0x000000076ee00000,0x000000076f7b9090,0x000000076f880000)
  to   space 10752K, 0% used [0x000000076f880000,0x000000076f880000,0x0000000770300000)
 ParOldGen       total 618496K, used 561008K [0x00000006c0a00000, 0x00000006e6600000, 0x000000076ae00000)
  object space 618496K, 90% used [0x00000006c0a00000,0x00000006e2ddc080,0x00000006e6600000)
 Metaspace       used 11279K, capacity 11434K, committed 11776K, reserved 1058816K
  class space    used 1354K, capacity 1415K, committed 1536K, reserved 1048576K

Card table byte_map: [0x00000000117e0000,0x0000000011fe0000] byte_map_base: 0x000000000e1db000

Marking Bits: (ParMarkBitMap*) 0x000000006b024040
 Begin Bits: [0x0000000012d40000, 0x0000000016d18000)
 End Bits:   [0x0000000016d18000, 0x000000001acf0000)

Polling page: 0x0000000002160000

CodeCache: size=245760Kb used=4514Kb max_used=4526Kb free=241245Kb
 bounds [0x0000000002420000, 0x00000000028a0000, 0x0000000011420000]
 total_blobs=1683 nmethods=1182 adapters=414
 compilation: enabled

Compilation events (10 events):
Event: 8.434 Thread 0x000000001df4f800 nmethod 1179 0x000000000288d9d0 code [0x000000000288db00, 0x000000000288dbb8]
Event: 8.466 Thread 0x000000001df52000 1180       3       java.awt.geom.AffineTransform::<init> (69 bytes)
Event: 8.466 Thread 0x000000001df52000 nmethod 1180 0x000000000288b390 code [0x000000000288b500, 0x000000000288b710]
Event: 8.466 Thread 0x000000001df52000 1181       3       java.awt.geom.AffineTransform::scale (285 bytes)
Event: 8.466 Thread 0x000000001df52000 nmethod 1181 0x000000000288a850 code [0x000000000288aa40, 0x000000000288b208]
Event: 8.467 Thread 0x000000001df52000 1182       3       java.awt.geom.AffineTransform::<init> (50 bytes)
Event: 8.467 Thread 0x000000001df52000 nmethod 1182 0x000000000288d090 code [0x000000000288d1e0, 0x000000000288d3b0]
Event: 8.482 Thread 0x000000001df3a000 1183       4       sun.java2d.loops.Blit::getFromCache (132 bytes)
Event: 8.482 Thread 0x000000001df3c800 1184       4       sun.java2d.SunGraphics2D::drawImage (11 bytes)
Event: 8.509 Thread 0x000000001df3a000 nmethod 1183 0x000000000288c6d0 code [0x000000000288c820, 0x000000000288cd18]

GC Heap History (2 events):
Event: 2.782 GC heap before
{Heap before GC invocations=1 (full 0):
 PSYoungGen      total 76288K, used 65536K [0x000000076ae00000, 0x0000000770300000, 0x00000007c0000000)
  eden space 65536K, 100% used [0x000000076ae00000,0x000000076ee00000,0x000000076ee00000)
  from space 10752K, 0% used [0x000000076f880000,0x000000076f880000,0x0000000770300000)
  to   space 10752K, 0% used [0x000000076ee00000,0x000000076ee00000,0x000000076f880000)
 ParOldGen       total 175104K, used 0K [0x00000006c0a00000, 0x00000006cb500000, 0x000000076ae00000)
  object space 175104K, 0% used [0x00000006c0a00000,0x00000006c0a00000,0x00000006cb500000)
 Metaspace       used 11035K, capacity 11242K, committed 11520K, reserved 1058816K
  class space    used 1332K, capacity 1415K, committed 1536K, reserved 1048576K
Event: 2.786 GC heap after
Heap after GC invocations=1 (full 0):
 PSYoungGen      total 76288K, used 9956K [0x000000076ae00000, 0x0000000770300000, 0x00000007c0000000)
  eden space 65536K, 0% used [0x000000076ae00000,0x000000076ae00000,0x000000076ee00000)
  from space 10752K, 92% used [0x000000076ee00000,0x000000076f7b9090,0x000000076f880000)
  to   space 10752K, 0% used [0x000000076f880000,0x000000076f880000,0x0000000770300000)
 ParOldGen       total 175104K, used 8048K [0x00000006c0a00000, 0x00000006cb500000, 0x000000076ae00000)
  object space 175104K, 4% used [0x00000006c0a00000,0x00000006c11dc040,0x00000006cb500000)
 Metaspace       used 11035K, capacity 11242K, committed 11520K, reserved 1058816K
  class space    used 1332K, capacity 1415K, committed 1536K, reserved 1048576K
}

Deoptimization events (10 events):
Event: 2.413 Thread 0x000000001ed10800 Uncommon trap: reason=unstable_if action=reinterpret pc=0x0000000002607ae8 method=sun.awt.image.ByteInterleavedRaster.putByteData(IIII[B)V @ 79
Event: 2.568 Thread 0x000000001ed10800 Uncommon trap: reason=unstable_if action=reinterpret pc=0x00000000026f9e4c method=javazoom.jl.decoder.huffcodetab.huffman_decoder(Ljavazoom/jl/decoder/huffcodetab;[I[I[I[ILjavazoom/jl/decoder/BitReserve;)I @ 31
Event: 2.572 Thread 0x000000001ed10800 Uncommon trap: reason=unstable_if action=reinterpret pc=0x0000000002710f88 method=javazoom.jl.decoder.LayerIIIDecoder.reorder([[FII)V @ 24
Event: 2.572 Thread 0x000000001ed10800 Uncommon trap: reason=unstable_if action=reinterpret pc=0x0000000002750470 method=javazoom.jl.decoder.LayerIIIDecoder.inv_mdct([F[FI)V @ 56
Event: 2.752 Thread 0x000000001ed10800 Uncommon trap: reason=unstable_if action=reinterpret pc=0x0000000002779040 method=javazoom.jl.decoder.LayerIIIDecoder.hybrid(II)V @ 32
Event: 2.752 Thread 0x000000001ed10800 Uncommon trap: reason=unstable_if action=reinterpret pc=0x000000000274621c method=javazoom.jl.decoder.LayerIIIDecoder.hybrid(II)V @ 32
Event: 2.752 Thread 0x000000001ed10800 Uncommon trap: reason=unstable_if action=reinterpret pc=0x000000000274937c method=javazoom.jl.decoder.LayerIIIDecoder.hybrid(II)V @ 32
Event: 5.960 Thread 0x000000001ed10800 Uncommon trap: reason=unstable_if action=reinterpret pc=0x000000000280d3e0 method=javazoom.jl.decoder.Bitstream.syncHeader(B)I @ 15
Event: 5.960 Thread 0x000000001ed10800 Uncommon trap: reason=unstable_if action=reinterpret pc=0x00000000027ec8d0 method=javazoom.spi.mpeg.sampled.convert.DecodedMpegAudioInputStream.execute()V @ 65
Event: 5.960 Thread 0x000000001ed10800 Uncommon trap: reason=unstable_if action=reinterpret pc=0x00000000028263b4 method=org.tritonus.share.TCircularBuffer.read([BII)I @ 19

Internal exceptions (10 events):
Event: 5.931 Thread 0x000000001ed6a800 Exception <a 'java/lang/NullPointerException'> (0x000000076b9a3280) thrown at [C:\re\workspace\8-2-build-windows-amd64-cygwin\jdk8u45\3627\hotspot\src\share\vm\runtime\sharedRuntime.cpp, line 605]
Event: 5.947 Thread 0x000000001ed6a800 Implicit null exception at 0x00000000028347e1 to 0x000000000283490d
Event: 5.947 Thread 0x000000001ed6a800 Exception <a 'java/lang/NullPointerException'> (0x000000076b9a35e0) thrown at [C:\re\workspace\8-2-build-windows-amd64-cygwin\jdk8u45\3627\hotspot\src\share\vm\runtime\sharedRuntime.cpp, line 605]
Event: 5.947 Thread 0x000000001ed6a800 Implicit null exception at 0x0000000002834e71 to 0x0000000002834fa5
Event: 5.947 Thread 0x000000001ed6a800 Exception <a 'java/lang/NullPointerException'> (0x000000076b9a3790) thrown at [C:\re\workspace\8-2-build-windows-amd64-cygwin\jdk8u45\3627\hotspot\src\share\vm\runtime\sharedRuntime.cpp, line 605]
Event: 5.960 Thread 0x000000001ed10800 Implicit null exception at 0x00000000027eafe6 to 0x00000000027ec8bd
Event: 5.963 Thread 0x000000001ed6a800 Implicit null exception at 0x00000000028347e1 to 0x000000000283490d
Event: 5.963 Thread 0x000000001ed6a800 Exception <a 'java/lang/NullPointerException'> (0x000000076b9a3af0) thrown at [C:\re\workspace\8-2-build-windows-amd64-cygwin\jdk8u45\3627\hotspot\src\share\vm\runtime\sharedRuntime.cpp, line 605]
Event: 5.963 Thread 0x000000001ed6a800 Implicit null exception at 0x0000000002834e71 to 0x0000000002834fa5
Event: 5.963 Thread 0x000000001ed6a800 Exception <a 'java/lang/NullPointerException'> (0x000000076b9a3ca0) thrown at [C:\re\workspace\8-2-build-windows-amd64-cygwin\jdk8u45\3627\hotspot\src\share\vm\runtime\sharedRuntime.cpp, line 605]

Events (10 events):
Event: 5.980 loading class sun/java2d/loops/MaskBlit$General
Event: 5.980 loading class sun/java2d/loops/GraphicsPrimitive$GeneralBinaryOp
Event: 5.980 loading class sun/java2d/loops/GraphicsPrimitive$GeneralBinaryOp done
Event: 5.980 loading class sun/java2d/loops/MaskBlit$General done
Event: 7.120 loading class java/lang/StrictMath
Event: 7.120 loading class java/lang/StrictMath done
Event: 8.112 loading class entity/Explosion
Event: 8.112 loading class entity/Explosion done
Event: 8.117 Thread 0x000000001ed6a800 DEOPT PACKING pc=0x0000000002782de6 sp=0x000000002490efe0
Event: 8.117 Thread 0x000000001ed6a800 DEOPT UNPACKING pc=0x000000000246787f sp=0x000000002490ecd8 mode 0


Dynamic libraries:
0x00007ff774ee0000 - 0x00007ff774f17000 	C:\Program Files\Java\jre1.8.0_45\bin\javaw.exe
0x00007ffabcc70000 - 0x00007ffabce32000 	C:\WINDOWS\SYSTEM32\ntdll.dll
0x00007ffaba340000 - 0x00007ffaba3ed000 	C:\WINDOWS\system32\KERNEL32.DLL
0x00007ffaba160000 - 0x00007ffaba33d000 	C:\WINDOWS\system32\KERNELBASE.dll
0x000000006b0b0000 - 0x000000006b15e000 	F:\Programs\Bitdefender\Bitdefender 2015\Active Virus Control\Avc3_00354_030\avcuf64.dll
0x00007ffaba7c0000 - 0x00007ffaba866000 	C:\WINDOWS\system32\ADVAPI32.dll
0x00007ffaba720000 - 0x00007ffaba7bd000 	C:\WINDOWS\system32\msvcrt.dll
0x00007ffabb4d0000 - 0x00007ffabb52b000 	C:\WINDOWS\system32\sechost.dll
0x00007ffaba5b0000 - 0x00007ffaba6d6000 	C:\WINDOWS\system32\RPCRT4.dll
0x00007ffaba8d0000 - 0x00007ffabaa1e000 	C:\WINDOWS\system32\USER32.dll
0x00007ffabab00000 - 0x00007ffabac86000 	C:\WINDOWS\system32\GDI32.dll
0x00007ffab3840000 - 0x00007ffab3ab4000 	C:\WINDOWS\WinSxS\amd64_microsoft.windows.common-controls_6595b64144ccf1df_6.0.10240.16384_none_f41f7b285750ef43\COMCTL32.dll
0x00007ffaba6e0000 - 0x00007ffaba716000 	C:\WINDOWS\system32\IMM32.DLL
0x00007ffabad80000 - 0x00007ffabaedc000 	C:\WINDOWS\system32\MSCTF.dll
0x000000006a670000 - 0x000000006a742000 	C:\Program Files\Java\jre1.8.0_45\bin\msvcr100.dll
0x000000006a820000 - 0x000000006b0a3000 	C:\Program Files\Java\jre1.8.0_45\bin\server\jvm.dll
0x00007ffabac90000 - 0x00007ffabac98000 	C:\WINDOWS\system32\PSAPI.DLL
0x00007ffab6400000 - 0x00007ffab6409000 	C:\WINDOWS\SYSTEM32\WSOCK32.dll
0x00007ffabaee0000 - 0x00007ffabaf49000 	C:\WINDOWS\system32\WS2_32.dll
0x00007ffaba5a0000 - 0x00007ffaba5a8000 	C:\WINDOWS\system32\NSI.dll
0x00007ffab6cb0000 - 0x00007ffab6cd3000 	C:\WINDOWS\SYSTEM32\WINMM.dll
0x00007ffab60e0000 - 0x00007ffab60ea000 	C:\WINDOWS\SYSTEM32\VERSION.dll
0x00007ffab6c20000 - 0x00007ffab6c4c000 	C:\WINDOWS\SYSTEM32\WINMMBASE.dll
0x00007ffab97f0000 - 0x00007ffab9834000 	C:\WINDOWS\system32\cfgmgr32.dll
0x00007ffab8010000 - 0x00007ffab8037000 	C:\WINDOWS\SYSTEM32\DEVOBJ.dll
0x000000006a810000 - 0x000000006a81f000 	C:\Program Files\Java\jre1.8.0_45\bin\verify.dll
0x000000006a7e0000 - 0x000000006a809000 	C:\Program Files\Java\jre1.8.0_45\bin\java.dll
0x000000006a7c0000 - 0x000000006a7d6000 	C:\Program Files\Java\jre1.8.0_45\bin\zip.dll
0x00007ffabb740000 - 0x00007ffabcc62000 	C:\WINDOWS\system32\SHELL32.dll
0x00007ffab9b30000 - 0x00007ffaba158000 	C:\WINDOWS\system32\windows.storage.dll
0x00007ffabb080000 - 0x00007ffabb2fc000 	C:\WINDOWS\system32\combase.dll
0x00007ffabb6e0000 - 0x00007ffabb731000 	C:\WINDOWS\system32\shlwapi.dll
0x00007ffab9710000 - 0x00007ffab971f000 	C:\WINDOWS\system32\kernel.appcore.dll
0x00007ffab9a10000 - 0x00007ffab9ac3000 	C:\WINDOWS\system32\shcore.dll
0x00007ffab96c0000 - 0x00007ffab970a000 	C:\WINDOWS\system32\powrprof.dll
0x00007ffab9720000 - 0x00007ffab9733000 	C:\WINDOWS\system32\profapi.dll
0x000000006a4d0000 - 0x000000006a668000 	C:\Program Files\Java\jre1.8.0_45\bin\awt.dll
0x00007ffabaca0000 - 0x00007ffabad5e000 	C:\WINDOWS\system32\OLEAUT32.dll
0x00007ffab7b70000 - 0x00007ffab7be8000 	C:\WINDOWS\system32\apphelp.dll
0x00007ffab6ad0000 - 0x00007ffab6af2000 	C:\WINDOWS\system32\DWMAPI.DLL
0x00007ffab7ec0000 - 0x00007ffab7f56000 	C:\WINDOWS\system32\uxtheme.dll
0x00007ffabb590000 - 0x00007ffabb6d1000 	C:\WINDOWS\system32\ole32.dll
0x00007ffab94f0000 - 0x00007ffab955b000 	C:\WINDOWS\SYSTEM32\bcryptPrimitives.dll
0x00007ffaa43b0000 - 0x00007ffaa45c0000 	C:\WINDOWS\system32\d3d9.dll
0x00007ffa94ef0000 - 0x00007ffa95f79000 	C:\WINDOWS\SYSTEM32\nvd3dumx.dll
0x00007ffaabb70000 - 0x00007ffaabd47000 	C:\WINDOWS\system32\nvspcap64.dll
0x00007ffabb300000 - 0x00007ffabb4c5000 	C:\WINDOWS\system32\SETUPAPI.dll
0x00007ffab6cf0000 - 0x00007ffab6dc6000 	C:\WINDOWS\SYSTEM32\WINHTTP.dll
0x00007ffab2fb0000 - 0x00007ffab3364000 	C:\WINDOWS\system32\nvapi64.dll
0x00007ffab6670000 - 0x00007ffab670c000 	C:\WINDOWS\SYSTEM32\dxgi.dll
0x00007ffab92f0000 - 0x00007ffab931c000 	C:\WINDOWS\SYSTEM32\SspiCli.dll
0x00007ffab9ad0000 - 0x00007ffab9b24000 	C:\WINDOWS\system32\WINTRUST.dll
0x00007ffab96a0000 - 0x00007ffab96b1000 	C:\WINDOWS\system32\MSASN1.dll
0x00007ffab9840000 - 0x00007ffab9a01000 	C:\WINDOWS\system32\CRYPT32.dll
0x000000006a480000 - 0x000000006a4c7000 	C:\Program Files\Java\jre1.8.0_45\bin\fontmanager.dll
0x00007ffab8f70000 - 0x00007ffab8f87000 	C:\WINDOWS\SYSTEM32\CRYPTSP.dll
0x00007ffab91e0000 - 0x00007ffab9208000 	C:\WINDOWS\SYSTEM32\bcrypt.dll
0x00007ffab8bc0000 - 0x00007ffab8bf3000 	C:\WINDOWS\system32\rsaenh.dll
0x00007ffab8cb0000 - 0x00007ffab8ccf000 	C:\WINDOWS\SYSTEM32\USERENV.dll
0x00007ffab90e0000 - 0x00007ffab90eb000 	C:\WINDOWS\SYSTEM32\CRYPTBASE.dll
0x000000006a7a0000 - 0x000000006a7ba000 	C:\Program Files\Java\jre1.8.0_45\bin\net.dll
0x00007ffab8f10000 - 0x00007ffab8f6d000 	C:\WINDOWS\system32\mswsock.dll
0x00007ffab6f20000 - 0x00007ffab6f58000 	C:\WINDOWS\SYSTEM32\IPHLPAPI.DLL
0x00007ffab6c50000 - 0x00007ffab6c5b000 	C:\WINDOWS\SYSTEM32\WINNSI.DLL
0x00007ffab29b0000 - 0x00007ffab29c6000 	C:\WINDOWS\SYSTEM32\dhcpcsvc6.DLL
0x00007ffab2940000 - 0x00007ffab295a000 	C:\WINDOWS\SYSTEM32\dhcpcsvc.DLL
0x000000006a780000 - 0x000000006a791000 	C:\Program Files\Java\jre1.8.0_45\bin\nio.dll
0x000000006a440000 - 0x000000006a471000 	C:\Program Files\Java\jre1.8.0_45\bin\jpeg.dll
0x000000006a3f0000 - 0x000000006a431000 	C:\Program Files\Java\jre1.8.0_45\bin\t2k.dll
0x000000006a3e0000 - 0x000000006a3ec000 	C:\Program Files\Java\jre1.8.0_45\bin\jsound.dll
0x000000006a3d0000 - 0x000000006a3db000 	C:\Program Files\Java\jre1.8.0_45\bin\jsoundds.dll
0x00007ffa99d50000 - 0x00007ffa99dec000 	C:\WINDOWS\SYSTEM32\DSOUND.dll
0x00007ffab2f30000 - 0x00007ffab2fa2000 	C:\WINDOWS\SYSTEM32\MMDevAPI.DLL
0x00007ffab7060000 - 0x00007ffab71e3000 	C:\WINDOWS\SYSTEM32\PROPSYS.dll
0x00007ffaa6b20000 - 0x00007ffaa6b61000 	C:\WINDOWS\SYSTEM32\wdmaud.drv
0x00007ffab2bf0000 - 0x00007ffab2bf8000 	C:\WINDOWS\SYSTEM32\ksuser.dll
0x00007ffab52b0000 - 0x00007ffab52bb000 	C:\WINDOWS\SYSTEM32\AVRT.dll
0x00007ffab8760000 - 0x00007ffab87b8000 	C:\WINDOWS\SYSTEM32\winsta.dll
0x00007ffa93e10000 - 0x00007ffa93e5c000 	C:\WINDOWS\SYSTEM32\rdpendp.dll
0x00007ffaa6590000 - 0x00007ffaa65ac000 	C:\WINDOWS\SYSTEM32\MSACM32.dll
0x00007ffab7b30000 - 0x00007ffab7b43000 	C:\WINDOWS\SYSTEM32\WTSAPI32.dll
0x00007ffaae2e0000 - 0x00007ffaae365000 	C:\WINDOWS\SYSTEM32\AUDIOSES.DLL
0x00007ffab5810000 - 0x00007ffab5941000 	C:\WINDOWS\SYSTEM32\wintypes.dll
0x00007ffab0300000 - 0x00007ffab030c000 	C:\WINDOWS\SYSTEM32\msacm32.drv
0x00007ffaadcf0000 - 0x00007ffaadcfa000 	C:\WINDOWS\SYSTEM32\midimap.dll
0x00007ffabaf60000 - 0x00007ffabb005000 	C:\WINDOWS\system32\clbcatq.dll

VM Arguments:
jvm_args: -Dfile.encoding=Cp1251 
java_command: main.Game
java_class_path (initial): C:\Users\pacho_000\Desktop\Java_SoftUni\DeathwingProject-master\BatmanVsSuperMan\bin;C:\Users\pacho_000\Desktop\Java_SoftUni\DeathwingProject-master\BatmanVsSuperMan\Libs\jl1.0.1.jar;C:\Users\pacho_000\Desktop\Java_SoftUni\DeathwingProject-master\BatmanVsSuperMan\Libs\tritonus_share.jar;C:\Users\pacho_000\Desktop\Java_SoftUni\DeathwingProject-master\BatmanVsSuperMan\Libs\mp3spi1.9.5.jar
Launcher Type: SUN_STANDARD

Environment Variables:
JAVA_HOME=C:\Program Files\Java\jdk1.8.0_31
PATH=C:/Program Files/Java/jre1.8.0_45/bin/server;C:/Program Files/Java/jre1.8.0_45/bin;C:/Program Files/Java/jre1.8.0_45/lib/amd64;C:\ProgramData\Oracle\Java\javapath;C:\Program Files (x86)\Intel\iCLS Client\;C:\Program Files\Intel\iCLS Client\;C:\Windows\system32;C:\Windows;C:\Windows\System32\Wbem;C:\Windows\System32\WindowsPowerShell\v1.0\;C:\Program Files (x86)\Windows Kits\8.1\Windows Performance Toolkit\;C:\Program Files\Microsoft SQL Server\110\Tools\Binn\;C:\Program Files (x86)\Microsoft SDKs\TypeScript\1.0\;C:\Program Files\Intel\Intel(R) Management Engine Components\DAL;C:\Program Files (x86)\Intel\Intel(R) Management Engine Components\DAL;C:\Program Files\Intel\Intel(R) Management Engine Components\IPT;C:\Program Files (x86)\Intel\Intel(R) Management Engine Components\IPT;C:\Program Files (x86)\NVIDIA Corporation\PhysX\Common;C:\OpenSSL-Win32\bin;C:\Program Files\Java\jdk1.8.0_31\bin;C:\Program Files\Java\jdk1.8.0_31;C:\Program Files\Microsoft SQL Server\120\Tools\Binn\;C:\WINDOWS\system32;C:\WINDOWS;C:\WINDOWS\System32\Wbem;C:\WINDOWS\System32\WindowsPowerShell\v1.0\;C:\Program Files\Common Files\Autodesk Shared\;C:\Program Files (x86)\Autodesk\Backburner\;C:\Program Files (x86)\Common Files\Bosch\VideoSDK;C:\OpenSSL\bin;C:\Program Files (x86)\QuickTime\QTSystem\;C:\Program Files (x86)\GtkSharp\2.12\bin;C:\Program Files\Microsoft\Web Platform Installer\;C:\Program Files (x86)\Skype\Phone\;F:\Programs\Eclipse Neon;
USERNAME=pacho_000
OS=Windows_NT
PROCESSOR_IDENTIFIER=Intel64 Family 6 Model 60 Stepping 3, GenuineIntel



---------------  S Y S T E M  ---------------

OS: Windows 10.0 , 64 bit Build 10240 (10.0.10240.16384)

CPU:total 8 (4 cores per cpu, 2 threads per core) family 6 model 60 stepping 3, cmov, cx8, fxsr, mmx, sse, sse2, sse3, ssse3, sse4.1, sse4.2, popcnt, avx, avx2, aes, clmul, erms, lzcnt, ht, tsc, tscinvbit, bmi1, bmi2

Memory: 4k page, physical 16733564k(6081724k free), swap 19805564k(5160k free)

vm_info: Java HotSpot(TM) 64-Bit Server VM (25.45-b02) for windows-amd64 JRE (1.8.0_45-b15), built on Apr 30 2015 12:40:44 by "java_re" with MS VC++ 10.0 (VS2010)

time: Thu Apr 14 20:45:05 2016
elapsed time: 8 seconds (0d 0h 0m 8s)

